make all -f /Users/briancullinan/morpheus/Makefile --print-data-base --no-builtin-variables --no-builtin-rules --question
# GNU Make 3.81
# Copyright (C) 2006  Free Software Foundation, Inc.
# This is free software; see the source for copying conditions.
# There is NO warranty; not even for MERCHANTABILITY or FITNESS FOR A
# PARTICULAR PURPOSE.

# This program built for i386-apple-darwin11.3.0
 
make: *** No rule to make target `all'.  Stop.


# Make data base, printed on Sun May  8 14:30:11 2022

# Variables

# automatic
<D = $(patsubst %/,%,$(dir $<))
# automatic
?F = $(notdir $?)
# makefile (from `/Users/briancullinan/morpheus/Makefile', line 74)
WASM_SOURCE := engine/wasm
# makefile (from `/Users/briancullinan/morpheus/Makefile', line 73)
ENGINE_SOURCE := engine
# environment
VSCODE_LOG_NATIVE = false
# automatic
?D = $(patsubst %/,%,$(dir $?))
# automatic
@D = $(patsubst %/,%,$(dir $@))
# automatic
@F = $(notdir $@)
# makefile (from `/Users/briancullinan/morpheus/Makefile', line 36)
BASE_CFLAGS :=  -fno-rtti -Wall -Wimplicit -fstrict-aliasing  -fno-inline -ftree-vectorize -fsigned-char -MMD -ffast-math -fno-short-enums  -fPIC -D_XOPEN_SOURCE=700 -D__EMSCRIPTEN__=1 -D__WASM__=1 -D__wasi__=1 -D__wasm32__=1 -D_WASI_EMULATED_SIGNAL -D_WASI_EMULATED_MMAN=1 
# makefile
CURDIR := /Users/briancullinan/morpheus
# makefile
SHELL = /bin/sh
# makefile (from `/Users/briancullinan/morpheus/Makefile', line 13)
Q = @
# makefile (from `/Users/briancullinan/morpheus/Makefile', line 12)
echo_cmd = @echo
# environment
VSCODE_NLS_CONFIG = {"locale":"en-us","availableLanguages":{},"_languagePackSupport":true}
# makefile (from `/Users/briancullinan/morpheus/Makefile', line 48)
WASI_SYSROOT := libs/wasi-sysroot/lib/wasm32-wasi
# environment
_ = /usr/bin/make
# makefile (from `/Users/briancullinan/morpheus/Makefile', line 72)
Q3LCC_SOURCE := libs/q3lcc/etc
# makefile (from `/Users/briancullinan/morpheus/Makefile', line 1)
MAKEFILE_LIST :=  /Users/briancullinan/morpheus/Makefile
# environment
VSCODE_VERBOSE_LOGGING = true
# environment
__CFBundleIdentifier = com.microsoft.VSCode
# environment
WASMER_DIR = /Users/briancullinan/.wasmer
# environment
VSCODE_IPC_HOOK_EXTHOST = /var/folders/gk/xqv2x4jn6l3ffpf3m3y4x2xh0000gn/T/vscode-ipc-043679ae-8a80-4ad8-bb8b-9ce1de384913.sock
# environment
VSCODE_CWD = /
# makefile (from `/Users/briancullinan/morpheus/Makefile', line 82)
BUILD_DIRS := build/release-wasm-js.mkdir  
# environment
PATH = /Users/briancullinan/.wasmer/bin:/usr/local/opt/openjdk/bin:/Users/briancullinan/google-cloud-sdk/bin:/usr/local/opt/llvm/bin:/Users/briancullinan/opt/miniconda3/bin:/Users/briancullinan/opt/miniconda3/condabin:/usr/local/bin:/usr/bin:/bin:/usr/sbin:/sbin:/Applications/kitty.app/Contents/MacOS:/usr/local/go/bin:/usr/local/share/dotnet:/opt/X11/bin:/Library/Apple/usr/bin:/Library/Frameworks/Mono.framework/Versions/Current/Commands:/Users/briancullinan/.wasmer/globals/wapm_packages/.bin
# makefile (from `/Users/briancullinan/morpheus/Makefile', line 27)
LD := libs/darwin/wasi-sdk-14.0/bin/wasm-ld
# makefile (from `/Users/briancullinan/morpheus/Makefile', line 70)
LBURG_SOURCE := libs/q3lcc/lburg
# environment
VSCODE_LOG_STACK = false
# makefile (from `/Users/briancullinan/morpheus/Makefile', line 23)
COMPILE_PLATFORM := darwin
# environment
ELECTRON_RUN_AS_NODE = 1
# default
.FEATURES := target-specific order-only second-expansion else-if archives jobserver check-symlink
# environment
SSH_AUTH_SOCK = /private/tmp/com.apple.launchd.ZdKjZXl1Nu/Listeners
# automatic
%F = $(notdir $%)
# environment
DISPLAY = /private/tmp/com.apple.launchd.L1BoVuLraZ/org.xquartz:0
# environment
CONDA_EXE = /Users/briancullinan/opt/miniconda3/bin/conda
# makefile (from `/Users/briancullinan/morpheus/Makefile', line 66)
UIVM_SOURCE := games/lobby/q3_ui
# environment
VSCODE_PIPE_LOGGING = true
# environment
PWD = /Users/briancullinan/morpheus
# makefile (from `/Users/briancullinan/morpheus/Makefile', line 69)
Q3RCC_SOURCE := libs/q3lcc/src
 
# environment
ORIGINAL_XDG_CURRENT_DESKTOP = undefined
# environment
VSCODE_AMD_ENTRYPOINT = vs/workbench/api/node/extensionHostProcess
# environment
HOME = /Users/briancullinan
# default
MAKEFILEPATH := /Applications/Xcode.app/Contents/Developer/Makefiles
# environment
VSCODE_CODE_CACHE_PATH = /Users/briancullinan/Library/Application Support/Code/CachedData/dfd34e8260c270da74b5c2d86d61aee4b6d56977
# environment
LOGNAME = briancullinan
# makefile (from `/Users/briancullinan/morpheus/Makefile', line 77)
Q3MAP2_SOURCE := libs/quake3/q3map2
# environment
APPLICATION_INSIGHTS_NO_DIAGNOSTIC_CHANNEL = 1
# environment
CONDA_PROMPT_MODIFIER = (base) 
# makefile (from `/Users/briancullinan/morpheus/Makefile', line 71)
Q3CPP_SOURCE := libs/q3lcc/cpp
# makefile (from `/Users/briancullinan/morpheus/Makefile', line 49)
WASI_LDFLAGS :=  -Wl,--import-memory -Wl,--import-table -Wl,--export-dynamic -Wl,--error-limit=200 -Wl,--export=sprintf -Wl,--export=malloc -Wl,--export=stderr -Wl,--export=stdout -Wl,--export=errno --no-standard-libraries -Wl,--allow-undefined-file=engine/wasm/wasm.syms engine/wasm/wasi/libclang_rt.builtins-wasm32.a
# environment
VSCODE_HANDLES_UNCAUGHT_ERRORS = true
# automatic
^D = $(patsubst %/,%,$(dir $^))
# makefile (from `/Users/briancullinan/morpheus/Makefile', line 26)
MKDIR := mkdir -p
# environment
CONDA_DEFAULT_ENV = base
# environment
XPC_FLAGS = 0x0
# default
MAKE = $(MAKE_COMMAND)
# default
MAKECMDGOALS := all
# environment
SHLVL = 1
# environment
WASMER_CACHE_DIR = /Users/briancullinan/.wasmer/cache
# makefile (from `/Users/briancullinan/morpheus/Makefile', line 68)
Q3ASM_SOURCE := libs/q3asm
# makefile (from `/Users/briancullinan/morpheus/Makefile', line 28)
CC := libs/darwin/wasi-sdk-14.0/bin/clang
# makefile (from `/Users/briancullinan/morpheus/Makefile', line 17)
BUILD_DIR := build/release-wasm-js
# default
MAKE_VERSION := 3.81
# environment
USER = briancullinan
# makefile (from `/Users/briancullinan/morpheus/Makefile', line 3)
.DEFAULT_GOAL := release
# makefile (from `/Users/briancullinan/morpheus/Makefile', line 76)
SDL_SOURCE := libs/SDL2-2.0.14
# automatic
%D = $(patsubst %/,%,$(dir $%))
# environment
CONDA_SHLVL = 1
# default
MAKE_COMMAND := /Applications/Xcode.app/Contents/Developer/usr/bin/make
# default
.VARIABLES := 
# environment
TMPDIR = /var/folders/gk/xqv2x4jn6l3ffpf3m3y4x2xh0000gn/T/
# automatic
*F = $(notdir $*)
# environment
VSCODE_IPC_HOOK = /Users/briancullinan/Library/Application Support/Code/1.66.2-main.sock
# makefile
 
MAKEFLAGS = Rrqp
# environment
MFLAGS = -Rrqp
# automatic
*D = $(patsubst %/,%,$(dir $*))
# environment
XPC_SERVICE_NAME = application.com.microsoft.VSCode.8799231189.8799231195
# makefile (from `/Users/briancullinan/morpheus/Makefile', line 31)
WASI_INCLUDES := --target=wasm32 -Ilibs/wasi-sysroot/include -I/include 
# automatic
+D = $(patsubst %/,%,$(dir $+))
# automatic
+F = $(notdir $+)
# makefile (from `/Users/briancullinan/morpheus/Makefile', line 5)
LANDING_PAGE = driver/landing/ide.html
# makefile (from `/Users/briancullinan/morpheus/Makefile', line 46)
CLIENT_CFLAGS :=  -fno-rtti -Wall -Wimplicit -fstrict-aliasing  -fno-inline -ftree-vectorize -fsigned-char -MMD -ffast-math -fno-short-enums  -fPIC -D_XOPEN_SOURCE=700 -D__EMSCRIPTEN__=1 -D__WASM__=1 -D__wasi__=1 -D__wasm32__=1 -D_WASI_EMULATED_SIGNAL -D_WASI_EMULATED_MMAN=1  -std=gnu11 --target=wasm32 -Ilibs/wasi-sysroot/include -I/include 
# environment
__CF_USER_TEXT_ENCODING = 0x1F5:0x0:0x0
# environment
COMMAND_MODE = unix2003
# default
MAKEFILES := 
# automatic
<F = $(notdir $<)
# makefile (from `/Users/briancullinan/morpheus/Makefile', line 29)
CXX := libs/darwin/wasi-sdk-14.0/bin/clang++
# makefile (from `/Users/briancullinan/morpheus/Makefile', line 58)
CLIENT_LDFLAGS :=  -Wl,--import-memory -Wl,--import-table -Wl,--export-dynamic -Wl,--error-limit=200 -Wl,--export=sprintf -Wl,--export=malloc -Wl,--export=stderr -Wl,--export=stdout -Wl,--export=errno --no-standard-libraries -Wl,--allow-undefined-file=engine/wasm/wasm.syms engine/wasm/wasi/libclang_rt.builtins-wasm32.a libs/wasi-sysroot/lib/wasm32-wasi/libc.a 
# environment
LC_ALL = C
# makefile (from `/Users/briancullinan/morpheus/Makefile', line 75)
HTTP_SOURCE := engine/wasm/http
# environment
CONDA_PYTHON_EXE = /Users/briancullinan/opt/miniconda3/bin/python
# automatic
^F = $(notdir $^)
# makefile (from `/Users/briancullinan/morpheus/Makefile', line 67)
GAME_SOURCE := games/lobby/game
# default
SUFFIXES := 
# environment
_CE_M = 
# default
.INCLUDE_DIRS = /usr/local/include
# environment
 
MAKELEVEL := 0
# environment
CONDA_PREFIX = /Users/briancullinan/opt/miniconda3
# environment
VSCODE_PID = 6339
# environment
_CE_CONDA = 
# environment
LANG = C
# variable set hash-table stats:
# Load=101/1024=10%, Rehash=0, Collisions=6/147=4%

# Pattern-specific Variable Values

# No pattern-specific variable values.

# Directories


# No files, no impossibilities in 0 directories.

# Implicit Rules

# No implicit rules.

# Files

# Not a target:
/Users/briancullinan/morpheus/Makefile:
#  Implicit rule search has been done.
#  Last modified 2022-05-08 14:03:37
#  File has been updated.
#  Successfully updated.
# variable set hash-table stats:
# Load=0/32=0%, Rehash=0, Collisions=0/0=0%

# Not a target:
all:
#  Command-line target.
#  Implicit rule search has been done.
#  File does not exist.
#  File has not been updated.
# variable set hash-table stats:
# Load=0/32=0%, Rehash=0, Collisions=0/0=0%

# Not a target:
.SUFFIXES:
#  Implicit rule search has not been done.
#  Modification time never checked.
#  File has not been updated.

debug:
#  Implicit rule search has not been done.
#  Modification time never checked.
#  File has not been updated.

release:
#  Implicit rule search has not been done.
#  Modification time never checked.
#  File has not been updated.

# Not a target:
.DEFAULT:
#  Implicit rule search has not been done.
#  Modification time never checked.
#  File has not been updated.

clean:
#  Implicit rule search has not been done.
#  Modification time never checked.
#  File has not been updated.

deploy:
#  Implicit rule search has not been done.
#  Modification time never checked.
#  File has not been updated.

# files hash-table stats:
# Load=8/1024=1%, Rehash=0, Collisions=0/20=0%
# VPATH Search Paths

# No `vpath' search paths.

# No general (`VPATH' variable) search path.

# # of strings in strcache: 1
# # of strcache buffers: 1
# strcache size: total = 4096 / max = 4096 / min = 4096 / avg = 4096
# strcache free: total = 4057 / max = 4057 / min = 4057 / avg = 4057

# Finished Make data base on Sun May  8 14:30:11 2022

 
